<?xml version="1.0" encoding="UTF-8"?>
<testng-results ignored="0" total="1" passed="1" failed="0" skipped="0">
  <reporter-output>
  </reporter-output>
  <suite started-at="2023-12-09T10:54:34 IST" name="Default suite" finished-at="2023-12-09T10:54:47 IST" duration-ms="13468">
    <groups>
    </groups>
    <test started-at="2023-12-09T10:54:34 IST" name="Default test" finished-at="2023-12-09T10:54:47 IST" duration-ms="13468">
      <class name="Demo_package.A2_MouseOverActions">
        <test-method is-config="true" signature="beforeTest()[pri:0, instance:Demo_package.A2_MouseOverActions@123ef382]" started-at="2023-12-09T10:54:34 IST" name="beforeTest" finished-at="2023-12-09T10:54:40 IST" duration-ms="6955" status="PASS">
          <reporter-output>
          </reporter-output>
        </test-method> <!-- beforeTest -->
        <test-method signature="mouseOvver()[pri:0, instance:Demo_package.A2_MouseOverActions@123ef382]" started-at="2023-12-09T10:54:41 IST" name="mouseOvver" finished-at="2023-12-09T10:54:47 IST" duration-ms="6450" status="PASS">
          <reporter-output>
          </reporter-output>
        </test-method> <!-- mouseOvver -->
        <test-method is-config="true" signature="afterTest()[pri:0, instance:Demo_package.A2_MouseOverActions@123ef382]" started-at="2023-12-09T10:54:47 IST" name="afterTest" finished-at="2023-12-09T10:54:47 IST" duration-ms="1" status="PASS">
          <reporter-output>
          </reporter-output>
        </test-method> <!-- afterTest -->
      </class> <!-- Demo_package.A2_MouseOverActions -->
    </test> <!-- Default test -->
  </suite> <!-- Default suite -->
</testng-results>
